{
  "/Users/afurm/Development/crypto-portfolio-tracker/src/api/cryptoService.ts": {
    "path": "/Users/afurm/Development/crypto-portfolio-tracker/src/api/cryptoService.ts",
    "statementMap": {
      "0": { "start": { "line": 20, "column": 13 }, "end": { "line": 20, "column": 26 } },
      "1": { "start": { "line": 5, "column": 13 }, "end": { "line": 5, "column": 27 } },
      "2": { "start": { "line": 31, "column": 13 }, "end": { "line": 31, "column": 26 } },
      "3": { "start": { "line": 1, "column": 18 }, "end": { "line": 1, "column": null } },
      "4": { "start": { "line": 3, "column": 17 }, "end": { "line": 3, "column": null } },
      "5": { "start": { "line": 5, "column": 30 }, "end": { "line": 18, "column": null } },
      "6": { "start": { "line": 6, "column": 2 }, "end": { "line": 17, "column": null } },
      "7": { "start": { "line": 7, "column": 21 }, "end": { "line": 12, "column": null } },
      "8": { "start": { "line": 13, "column": 4 }, "end": { "line": 13, "column": null } },
      "9": { "start": { "line": 15, "column": 4 }, "end": { "line": 15, "column": null } },
      "10": { "start": { "line": 16, "column": 4 }, "end": { "line": 16, "column": null } },
      "11": { "start": { "line": 20, "column": 29 }, "end": { "line": 28, "column": null } },
      "12": { "start": { "line": 21, "column": 2 }, "end": { "line": 27, "column": null } },
      "13": { "start": { "line": 22, "column": 21 }, "end": { "line": 22, "column": null } },
      "14": { "start": { "line": 23, "column": 4 }, "end": { "line": 23, "column": null } },
      "15": { "start": { "line": 25, "column": 4 }, "end": { "line": 25, "column": null } },
      "16": { "start": { "line": 26, "column": 4 }, "end": { "line": 26, "column": null } },
      "17": { "start": { "line": 31, "column": 29 }, "end": { "line": 47, "column": null } },
      "18": { "start": { "line": 32, "column": 2 }, "end": { "line": 46, "column": null } },
      "19": { "start": { "line": 33, "column": 21 }, "end": { "line": 41, "column": null } },
      "20": { "start": { "line": 42, "column": 4 }, "end": { "line": 42, "column": null } },
      "21": { "start": { "line": 44, "column": 4 }, "end": { "line": 44, "column": null } },
      "22": { "start": { "line": 45, "column": 4 }, "end": { "line": 45, "column": null } }
    },
    "fnMap": {
      "0": {
        "name": "(anonymous_5)",
        "decl": { "start": { "line": 5, "column": 30 }, "end": { "line": 5, "column": 37 } },
        "loc": { "start": { "line": 5, "column": 37 }, "end": { "line": 18, "column": null } }
      },
      "1": {
        "name": "(anonymous_6)",
        "decl": { "start": { "line": 20, "column": 29 }, "end": { "line": 20, "column": null } },
        "loc": { "start": { "line": 20, "column": 29 }, "end": { "line": 28, "column": null } }
      },
      "2": {
        "name": "(anonymous_7)",
        "decl": { "start": { "line": 31, "column": 29 }, "end": { "line": 31, "column": null } },
        "loc": { "start": { "line": 31, "column": 29 }, "end": { "line": 47, "column": null } }
      }
    },
    "branchMap": {},
    "s": {
      "0": 3,
      "1": 3,
      "2": 3,
      "3": 2,
      "4": 2,
      "5": 2,
      "6": 2,
      "7": 2,
      "8": 1,
      "9": 1,
      "10": 1,
      "11": 2,
      "12": 2,
      "13": 2,
      "14": 1,
      "15": 1,
      "16": 1,
      "17": 2,
      "18": 2,
      "19": 2,
      "20": 1,
      "21": 1,
      "22": 1
    },
    "f": { "0": 2, "1": 2, "2": 2 },
    "b": {}
  },
  "/Users/afurm/Development/crypto-portfolio-tracker/src/components/AddCryptoForm.tsx": {
    "path": "/Users/afurm/Development/crypto-portfolio-tracker/src/components/AddCryptoForm.tsx",
    "statementMap": {
      "0": { "start": { "line": 182, "column": 0 }, "end": { "line": 182, "column": 15 } },
      "1": { "start": { "line": 1, "column": 43 }, "end": { "line": 1, "column": null } },
      "2": { "start": { "line": 2, "column": 30 }, "end": { "line": 2, "column": null } },
      "3": { "start": { "line": 3, "column": 118 }, "end": { "line": 3, "column": null } },
      "4": { "start": { "line": 4, "column": 31 }, "end": { "line": 4, "column": null } },
      "5": { "start": { "line": 5, "column": 25 }, "end": { "line": 5, "column": null } },
      "6": { "start": { "line": 7, "column": 18 }, "end": { "line": 7, "column": null } },
      "7": { "start": { "line": 8, "column": 24 }, "end": { "line": 8, "column": null } },
      "8": { "start": { "line": 16, "column": 22 }, "end": { "line": 180, "column": null } },
      "9": { "start": { "line": 17, "column": 19 }, "end": { "line": 17, "column": null } },
      "10": { "start": { "line": 18, "column": 34 }, "end": { "line": 18, "column": null } },
      "11": { "start": { "line": 19, "column": 30 }, "end": { "line": 19, "column": null } },
      "12": { "start": { "line": 20, "column": 48 }, "end": { "line": 20, "column": null } },
      "13": { "start": { "line": 21, "column": 40 }, "end": { "line": 21, "column": null } },
      "14": { "start": { "line": 22, "column": 38 }, "end": { "line": 22, "column": null } },
      "15": { "start": { "line": 24, "column": 2 }, "end": { "line": 30, "column": null } },
      "16": { "start": { "line": 25, "column": 28 }, "end": { "line": 28, "column": null } },
      "17": { "start": { "line": 26, "column": 19 }, "end": { "line": 26, "column": null } },
      "18": { "start": { "line": 27, "column": 6 }, "end": { "line": 27, "column": null } },
      "19": { "start": { "line": 29, "column": 4 }, "end": { "line": 29, "column": null } },
      "20": { "start": { "line": 32, "column": 25 }, "end": { "line": 42, "column": null } },
      "21": { "start": { "line": 33, "column": 4 }, "end": { "line": 41, "column": null } },
      "22": { "start": { "line": 34, "column": 23 }, "end": { "line": 35, "column": null } },
      "23": { "start": { "line": 37, "column": 6 }, "end": { "line": 37, "column": null } },
      "24": { "start": { "line": 39, "column": 6 }, "end": { "line": 39, "column": null } },
      "25": { "start": { "line": 40, "column": 6 }, "end": { "line": 40, "column": null } },
      "26": { "start": { "line": 45, "column": 32 }, "end": { "line": 83, "column": null } },
      "27": { "start": { "line": 46, "column": 4 }, "end": { "line": 49, "column": null } },
      "28": { "start": { "line": 47, "column": 6 }, "end": { "line": 47, "column": null } },
      "29": { "start": { "line": 48, "column": 6 }, "end": { "line": 48, "column": null } },
      "30": { "start": { "line": 51, "column": 4 }, "end": { "line": 82, "column": null } },
      "31": { "start": { "line": 53, "column": 19 }, "end": { "line": 53, "column": null } },
      "32": { "start": { "line": 53, "column": 42 }, "end": { "line": 53, "column": null } },
      "33": { "start": { "line": 54, "column": 6 }, "end": { "line": 57, "column": null } },
      "34": { "start": { "line": 55, "column": 8 }, "end": { "line": 55, "column": null } },
      "35": { "start": { "line": 56, "column": 8 }, "end": { "line": 56, "column": null } },
      "36": { "start": { "line": 60, "column": 27 }, "end": { "line": 60, "column": null } },
      "37": { "start": { "line": 61, "column": 6 }, "end": { "line": 64, "column": null } },
      "38": { "start": { "line": 62, "column": 8 }, "end": { "line": 62, "column": null } },
      "39": { "start": { "line": 63, "column": 8 }, "end": { "line": 63, "column": null } },
      "40": { "start": { "line": 67, "column": 21 }, "end": { "line": 67, "column": 29 } },
      "41": { "start": { "line": 68, "column": 27 }, "end": { "line": 68, "column": null } },
      "42": { "start": { "line": 69, "column": 32 }, "end": { "line": 69, "column": null } },
      "43": { "start": { "line": 71, "column": 6 }, "end": { "line": 77, "column": null } },
      "44": { "start": { "line": 79, "column": 6 }, "end": { "line": 79, "column": null } },
      "45": { "start": { "line": 81, "column": 6 }, "end": { "line": 81, "column": null } },
      "46": { "start": { "line": 85, "column": 38 }, "end": { "line": 89, "column": null } },
      "47": { "start": { "line": 86, "column": 4 }, "end": { "line": 88, "column": null } },
      "48": { "start": { "line": 87, "column": 6 }, "end": { "line": 87, "column": null } },
      "49": { "start": { "line": 91, "column": 31 }, "end": { "line": 103, "column": null } },
      "50": { "start": { "line": 92, "column": 18 }, "end": { "line": 92, "column": 32 } },
      "51": { "start": { "line": 93, "column": 4 }, "end": { "line": 93, "column": null } },
      "52": { "start": { "line": 95, "column": 4 }, "end": { "line": 102, "column": null } },
      "53": { "start": { "line": 96, "column": 34 }, "end": { "line": 97, "column": null } },
      "54": { "start": { "line": 97, "column": 8 }, "end": { "line": 97, "column": null } },
      "55": { "start": { "line": 99, "column": 6 }, "end": { "line": 99, "column": null } },
      "56": { "start": { "line": 101, "column": 6 }, "end": { "line": 101, "column": null } },
      "57": { "start": { "line": 105, "column": 33 }, "end": { "line": 108, "column": null } },
      "58": { "start": { "line": 106, "column": 4 }, "end": { "line": 106, "column": null } },
      "59": { "start": { "line": 107, "column": 4 }, "end": { "line": 107, "column": null } },
      "60": { "start": { "line": 110, "column": 23 }, "end": { "line": 118, "column": null } },
      "61": { "start": { "line": 111, "column": 4 }, "end": { "line": 111, "column": null } },
      "62": { "start": { "line": 112, "column": 4 }, "end": { "line": 117, "column": null } },
      "63": { "start": { "line": 113, "column": 6 }, "end": { "line": 113, "column": null } },
      "64": { "start": { "line": 114, "column": 6 }, "end": { "line": 114, "column": null } },
      "65": { "start": { "line": 115, "column": 6 }, "end": { "line": 115, "column": null } },
      "66": { "start": { "line": 116, "column": 6 }, "end": { "line": 116, "column": null } },
      "67": { "start": { "line": 157, "column": 14 }, "end": { "line": 157, "column": null } },
      "68": { "start": { "line": 158, "column": 47 }, "end": { "line": 158, "column": null } },
      "69": { "start": { "line": 170, "column": 27 }, "end": { "line": 170, "column": null } },
      "70": { "start": { "line": 182, "column": 15 }, "end": { "line": 182, "column": null } }
    },
    "fnMap": {
      "0": {
        "name": "(anonymous_5)",
        "decl": { "start": { "line": 16, "column": 22 }, "end": { "line": 16, "column": null } },
        "loc": { "start": { "line": 16, "column": 22 }, "end": { "line": 180, "column": null } }
      },
      "1": {
        "name": "(anonymous_6)",
        "decl": { "start": { "line": 24, "column": 12 }, "end": { "line": 24, "column": null } },
        "loc": { "start": { "line": 24, "column": 12 }, "end": { "line": 30, "column": 5 } }
      },
      "2": {
        "name": "(anonymous_7)",
        "decl": { "start": { "line": 25, "column": 28 }, "end": { "line": 25, "column": null } },
        "loc": { "start": { "line": 25, "column": 28 }, "end": { "line": 28, "column": null } }
      },
      "3": {
        "name": "(anonymous_8)",
        "decl": { "start": { "line": 32, "column": 25 }, "end": { "line": 32, "column": 32 } },
        "loc": { "start": { "line": 32, "column": 32 }, "end": { "line": 42, "column": null } }
      },
      "4": {
        "name": "(anonymous_9)",
        "decl": { "start": { "line": 45, "column": 32 }, "end": { "line": 45, "column": 39 } },
        "loc": { "start": { "line": 45, "column": 73 }, "end": { "line": 83, "column": null } }
      },
      "5": {
        "name": "(anonymous_10)",
        "decl": { "start": { "line": 53, "column": 35 }, "end": { "line": 53, "column": 36 } },
        "loc": { "start": { "line": 53, "column": 42 }, "end": { "line": 53, "column": null } }
      },
      "6": {
        "name": "(anonymous_11)",
        "decl": { "start": { "line": 85, "column": 38 }, "end": { "line": 85, "column": 39 } },
        "loc": { "start": { "line": 85, "column": 77 }, "end": { "line": 89, "column": null } }
      },
      "7": {
        "name": "(anonymous_12)",
        "decl": { "start": { "line": 91, "column": 31 }, "end": { "line": 91, "column": 32 } },
        "loc": { "start": { "line": 91, "column": 32 }, "end": { "line": 103, "column": null } }
      },
      "8": {
        "name": "(anonymous_13)",
        "decl": { "start": { "line": 96, "column": 52 }, "end": { "line": 96, "column": 53 } },
        "loc": { "start": { "line": 97, "column": 8 }, "end": { "line": 97, "column": null } }
      },
      "9": {
        "name": "(anonymous_14)",
        "decl": { "start": { "line": 105, "column": 33 }, "end": { "line": 105, "column": 34 } },
        "loc": { "start": { "line": 105, "column": 34 }, "end": { "line": 108, "column": null } }
      },
      "10": {
        "name": "(anonymous_15)",
        "decl": { "start": { "line": 110, "column": 23 }, "end": { "line": 110, "column": 30 } },
        "loc": { "start": { "line": 110, "column": 30 }, "end": { "line": 118, "column": null } }
      },
      "11": {
        "name": "(anonymous_16)",
        "decl": { "start": { "line": 156, "column": 42 }, "end": { "line": 156, "column": 43 } },
        "loc": { "start": { "line": 157, "column": 14 }, "end": { "line": 157, "column": null } }
      },
      "12": {
        "name": "(anonymous_17)",
        "decl": { "start": { "line": 158, "column": 41 }, "end": { "line": 158, "column": 47 } },
        "loc": { "start": { "line": 158, "column": 47 }, "end": { "line": 158, "column": null } }
      },
      "13": {
        "name": "(anonymous_18)",
        "decl": { "start": { "line": 170, "column": 20 }, "end": { "line": 170, "column": 21 } },
        "loc": { "start": { "line": 170, "column": 27 }, "end": { "line": 170, "column": null } }
      }
    },
    "branchMap": {
      "0": {
        "loc": { "start": { "line": 37, "column": 13 }, "end": { "line": 37, "column": null } },
        "type": "binary-expr",
        "locations": [
          { "start": { "line": 37, "column": 13 }, "end": { "line": 37, "column": 43 } },
          { "start": { "line": 37, "column": 43 }, "end": { "line": 37, "column": null } }
        ]
      },
      "1": {
        "loc": { "start": { "line": 46, "column": 4 }, "end": { "line": 49, "column": null } },
        "type": "if",
        "locations": [
          { "start": { "line": 46, "column": 4 }, "end": { "line": 49, "column": null } }
        ]
      },
      "2": {
        "loc": { "start": { "line": 54, "column": 6 }, "end": { "line": 57, "column": null } },
        "type": "if",
        "locations": [
          { "start": { "line": 54, "column": 6 }, "end": { "line": 57, "column": null } }
        ]
      },
      "3": {
        "loc": { "start": { "line": 61, "column": 6 }, "end": { "line": 64, "column": null } },
        "type": "if",
        "locations": [
          { "start": { "line": 61, "column": 6 }, "end": { "line": 64, "column": null } }
        ]
      },
      "4": {
        "loc": { "start": { "line": 86, "column": 4 }, "end": { "line": 88, "column": null } },
        "type": "if",
        "locations": [
          { "start": { "line": 86, "column": 4 }, "end": { "line": 88, "column": null } }
        ]
      },
      "5": {
        "loc": { "start": { "line": 95, "column": 4 }, "end": { "line": 102, "column": null } },
        "type": "if",
        "locations": [
          { "start": { "line": 95, "column": 4 }, "end": { "line": 102, "column": null } },
          { "start": { "line": 100, "column": 11 }, "end": { "line": 102, "column": null } }
        ]
      },
      "6": {
        "loc": { "start": { "line": 112, "column": 4 }, "end": { "line": 117, "column": null } },
        "type": "if",
        "locations": [
          { "start": { "line": 112, "column": 4 }, "end": { "line": 117, "column": null } }
        ]
      },
      "7": {
        "loc": { "start": { "line": 112, "column": 8 }, "end": { "line": 112, "column": 32 } },
        "type": "binary-expr",
        "locations": [
          { "start": { "line": 112, "column": 8 }, "end": { "line": 112, "column": 20 } },
          { "start": { "line": 112, "column": 20 }, "end": { "line": 112, "column": 32 } }
        ]
      },
      "8": {
        "loc": { "start": { "line": 154, "column": 9 }, "end": { "line": 154, "column": null } },
        "type": "binary-expr",
        "locations": [
          { "start": { "line": 154, "column": 9 }, "end": { "line": 154, "column": null } }
        ]
      }
    },
    "s": {
      "0": 10,
      "1": 1,
      "2": 1,
      "3": 1,
      "4": 1,
      "5": 1,
      "6": 1,
      "7": 1,
      "8": 1,
      "9": 79,
      "10": 79,
      "11": 79,
      "12": 79,
      "13": 79,
      "14": 79,
      "15": 79,
      "16": 10,
      "17": 10,
      "18": 10,
      "19": 10,
      "20": 79,
      "21": 3,
      "22": 3,
      "23": 2,
      "24": 1,
      "25": 1,
      "26": 79,
      "27": 5,
      "28": 1,
      "29": 1,
      "30": 4,
      "31": 4,
      "32": 6,
      "33": 4,
      "34": 1,
      "35": 1,
      "36": 3,
      "37": 3,
      "38": 1,
      "39": 1,
      "40": 2,
      "41": 2,
      "42": 2,
      "43": 2,
      "44": 1,
      "45": 1,
      "46": 79,
      "47": 1,
      "48": 1,
      "49": 79,
      "50": 46,
      "51": 46,
      "52": 46,
      "53": 46,
      "54": 116,
      "55": 46,
      "56": 0,
      "57": 79,
      "58": 2,
      "59": 2,
      "60": 79,
      "61": 5,
      "62": 5,
      "63": 5,
      "64": 5,
      "65": 5,
      "66": 5,
      "67": 45,
      "68": 2,
      "69": 5,
      "70": 1
    },
    "f": {
      "0": 79,
      "1": 10,
      "2": 10,
      "3": 3,
      "4": 5,
      "5": 6,
      "6": 1,
      "7": 46,
      "8": 116,
      "9": 2,
      "10": 5,
      "11": 45,
      "12": 2,
      "13": 5
    },
    "b": {
      "0": [2, 0],
      "1": [1],
      "2": [1],
      "3": [1],
      "4": [1],
      "5": [46, 0],
      "6": [5],
      "7": [5, 5],
      "8": [79]
    }
  },
  "/Users/afurm/Development/crypto-portfolio-tracker/src/components/InvestmentPerformance.tsx": {
    "path": "/Users/afurm/Development/crypto-portfolio-tracker/src/components/InvestmentPerformance.tsx",
    "statementMap": {
      "0": { "start": { "line": 32, "column": 0 }, "end": { "line": 32, "column": 15 } },
      "1": { "start": { "line": 1, "column": 18 }, "end": { "line": 1, "column": null } },
      "2": { "start": { "line": 2, "column": 97 }, "end": { "line": 2, "column": null } },
      "3": { "start": { "line": 3, "column": 39 }, "end": { "line": 3, "column": null } },
      "4": { "start": { "line": 9, "column": 68 }, "end": { "line": 30, "column": null } },
      "5": { "start": { "line": 32, "column": 15 }, "end": { "line": 32, "column": null } }
    },
    "fnMap": {
      "0": {
        "name": "(anonymous_2)",
        "decl": { "start": { "line": 9, "column": 68 }, "end": { "line": 9, "column": 69 } },
        "loc": { "start": { "line": 9, "column": 77 }, "end": { "line": 30, "column": null } }
      }
    },
    "branchMap": {},
    "s": { "0": 2, "1": 1, "2": 1, "3": 1, "4": 1, "5": 1 },
    "f": { "0": 2 },
    "b": {}
  },
  "/Users/afurm/Development/crypto-portfolio-tracker/src/components/Layout.tsx": {
    "path": "/Users/afurm/Development/crypto-portfolio-tracker/src/components/Layout.tsx",
    "statementMap": {
      "0": { "start": { "line": 20, "column": 0 }, "end": { "line": 20, "column": 15 } },
      "1": { "start": { "line": 1, "column": 18 }, "end": { "line": 1, "column": null } },
      "2": { "start": { "line": 2, "column": 20 }, "end": { "line": 2, "column": null } },
      "3": { "start": { "line": 3, "column": 20 }, "end": { "line": 3, "column": null } },
      "4": { "start": { "line": 9, "column": 38 }, "end": { "line": 18, "column": null } },
      "5": { "start": { "line": 20, "column": 15 }, "end": { "line": 20, "column": null } }
    },
    "fnMap": {
      "0": {
        "name": "(anonymous_2)",
        "decl": { "start": { "line": 9, "column": 38 }, "end": { "line": 9, "column": 39 } },
        "loc": { "start": { "line": 9, "column": 51 }, "end": { "line": 18, "column": null } }
      }
    },
    "branchMap": {},
    "s": { "0": 1, "1": 1, "2": 1, "3": 1, "4": 1, "5": 1 },
    "f": { "0": 1 },
    "b": {}
  },
  "/Users/afurm/Development/crypto-portfolio-tracker/src/components/MarketTrend.tsx": {
    "path": "/Users/afurm/Development/crypto-portfolio-tracker/src/components/MarketTrend.tsx",
    "statementMap": {
      "0": { "start": { "line": 32, "column": 0 }, "end": { "line": 32, "column": 15 } },
      "1": { "start": { "line": 1, "column": 18 }, "end": { "line": 1, "column": null } },
      "2": { "start": { "line": 2, "column": 99 }, "end": { "line": 2, "column": null } },
      "3": { "start": { "line": 3, "column": 39 }, "end": { "line": 3, "column": null } },
      "4": { "start": { "line": 10, "column": 48 }, "end": { "line": 30, "column": null } },
      "5": { "start": { "line": 32, "column": 15 }, "end": { "line": 32, "column": null } }
    },
    "fnMap": {
      "0": {
        "name": "(anonymous_2)",
        "decl": { "start": { "line": 10, "column": 48 }, "end": { "line": 10, "column": 49 } },
        "loc": { "start": { "line": 10, "column": 67 }, "end": { "line": 30, "column": null } }
      }
    },
    "branchMap": {},
    "s": { "0": 1, "1": 1, "2": 1, "3": 1, "4": 1, "5": 1 },
    "f": { "0": 1 },
    "b": {}
  },
  "/Users/afurm/Development/crypto-portfolio-tracker/src/components/PortfolioAllocation.tsx": {
    "path": "/Users/afurm/Development/crypto-portfolio-tracker/src/components/PortfolioAllocation.tsx",
    "statementMap": {
      "0": { "start": { "line": 31, "column": 0 }, "end": { "line": 31, "column": 15 } },
      "1": { "start": { "line": 1, "column": 18 }, "end": { "line": 1, "column": null } },
      "2": { "start": { "line": 2, "column": 116 }, "end": { "line": 2, "column": null } },
      "3": { "start": { "line": 3, "column": 39 }, "end": { "line": 3, "column": null } },
      "4": { "start": { "line": 9, "column": 64 }, "end": { "line": 29, "column": null } },
      "5": { "start": { "line": 31, "column": 15 }, "end": { "line": 31, "column": null } }
    },
    "fnMap": {
      "0": {
        "name": "(anonymous_2)",
        "decl": { "start": { "line": 9, "column": 64 }, "end": { "line": 9, "column": 65 } },
        "loc": { "start": { "line": 9, "column": 73 }, "end": { "line": 29, "column": null } }
      }
    },
    "branchMap": {},
    "s": { "0": 1, "1": 1, "2": 1, "3": 1, "4": 1, "5": 1 },
    "f": { "0": 1 },
    "b": {}
  },
  "/Users/afurm/Development/crypto-portfolio-tracker/src/components/PortfolioChart.tsx": {
    "path": "/Users/afurm/Development/crypto-portfolio-tracker/src/components/PortfolioChart.tsx",
    "statementMap": {
      "0": { "start": { "line": 62, "column": 0 }, "end": { "line": 62, "column": 15 } },
      "1": { "start": { "line": 1, "column": 32 }, "end": { "line": 1, "column": null } },
      "2": { "start": { "line": 2, "column": 97 }, "end": { "line": 2, "column": null } },
      "3": { "start": { "line": 3, "column": 39 }, "end": { "line": 3, "column": null } },
      "4": { "start": { "line": 9, "column": 15 }, "end": { "line": 9, "column": null } },
      "5": { "start": { "line": 11, "column": 54 }, "end": { "line": 60, "column": null } },
      "6": { "start": { "line": 12, "column": 36 }, "end": { "line": 12, "column": null } },
      "7": { "start": { "line": 14, "column": 28 }, "end": { "line": 16, "column": null } },
      "8": { "start": { "line": 15, "column": 4 }, "end": { "line": 15, "column": null } },
      "9": { "start": { "line": 15, "column": 28 }, "end": { "line": 15, "column": null } },
      "10": { "start": { "line": 31, "column": 40 }, "end": { "line": 31, "column": 60 } },
      "11": { "start": { "line": 38, "column": 14 }, "end": { "line": 38, "column": 42 } },
      "12": { "start": { "line": 41, "column": 63 }, "end": { "line": 41, "column": null } },
      "13": { "start": { "line": 49, "column": 63 }, "end": { "line": 49, "column": null } },
      "14": { "start": { "line": 53, "column": 14 }, "end": { "line": 53, "column": 42 } },
      "15": { "start": { "line": 62, "column": 15 }, "end": { "line": 62, "column": null } }
    },
    "fnMap": {
      "0": {
        "name": "(anonymous_4)",
        "decl": { "start": { "line": 11, "column": 54 }, "end": { "line": 11, "column": 55 } },
        "loc": { "start": { "line": 11, "column": 65 }, "end": { "line": 60, "column": null } }
      },
      "1": {
        "name": "(anonymous_5)",
        "decl": { "start": { "line": 14, "column": 28 }, "end": { "line": 14, "column": null } },
        "loc": { "start": { "line": 14, "column": 28 }, "end": { "line": 16, "column": null } }
      },
      "2": {
        "name": "(anonymous_6)",
        "decl": { "start": { "line": 15, "column": 17 }, "end": { "line": 15, "column": 18 } },
        "loc": { "start": { "line": 15, "column": 28 }, "end": { "line": 15, "column": null } }
      },
      "3": {
        "name": "(anonymous_7)",
        "decl": { "start": { "line": 31, "column": 19 }, "end": { "line": 31, "column": 20 } },
        "loc": { "start": { "line": 31, "column": 40 }, "end": { "line": 31, "column": 60 } }
      },
      "4": {
        "name": "(anonymous_8)",
        "decl": { "start": { "line": 37, "column": 24 }, "end": { "line": 37, "column": 25 } },
        "loc": { "start": { "line": 38, "column": 14 }, "end": { "line": 38, "column": 42 } }
      },
      "5": {
        "name": "(anonymous_9)",
        "decl": { "start": { "line": 41, "column": 30 }, "end": { "line": 41, "column": 31 } },
        "loc": { "start": { "line": 41, "column": 63 }, "end": { "line": 41, "column": null } }
      },
      "6": {
        "name": "(anonymous_10)",
        "decl": { "start": { "line": 49, "column": 30 }, "end": { "line": 49, "column": 31 } },
        "loc": { "start": { "line": 49, "column": 63 }, "end": { "line": 49, "column": null } }
      },
      "7": {
        "name": "(anonymous_11)",
        "decl": { "start": { "line": 52, "column": 24 }, "end": { "line": 52, "column": 25 } },
        "loc": { "start": { "line": 53, "column": 14 }, "end": { "line": 53, "column": 42 } }
      }
    },
    "branchMap": {
      "0": {
        "loc": { "start": { "line": 15, "column": 28 }, "end": { "line": 15, "column": null } },
        "type": "cond-expr",
        "locations": [
          { "start": { "line": 15, "column": 45 }, "end": { "line": 15, "column": 53 } },
          { "start": { "line": 15, "column": 53 }, "end": { "line": 15, "column": null } }
        ]
      },
      "1": {
        "loc": { "start": { "line": 22, "column": 21 }, "end": { "line": 22, "column": 57 } },
        "type": "cond-expr",
        "locations": [
          { "start": { "line": 22, "column": 43 }, "end": { "line": 22, "column": 51 } },
          { "start": { "line": 22, "column": 51 }, "end": { "line": 22, "column": 57 } }
        ]
      },
      "2": {
        "loc": { "start": { "line": 26, "column": 8 }, "end": { "line": 45, "column": 9 } },
        "type": "cond-expr",
        "locations": [{ "start": { "line": 26, "column": 8 }, "end": { "line": 45, "column": 9 } }]
      }
    },
    "s": {
      "0": 2,
      "1": 1,
      "2": 1,
      "3": 1,
      "4": 1,
      "5": 1,
      "6": 3,
      "7": 3,
      "8": 1,
      "9": 1,
      "10": 6,
      "11": 6,
      "12": 0,
      "13": 0,
      "14": 3,
      "15": 1
    },
    "f": { "0": 3, "1": 1, "2": 1, "3": 6, "4": 6, "5": 0, "6": 0, "7": 3 },
    "b": { "0": [1, 0], "1": [2, 1], "2": [2] }
  },
  "/Users/afurm/Development/crypto-portfolio-tracker/src/components/PortfolioSummary.tsx": {
    "path": "/Users/afurm/Development/crypto-portfolio-tracker/src/components/PortfolioSummary.tsx",
    "statementMap": {
      "0": { "start": { "line": 32, "column": 0 }, "end": { "line": 32, "column": 15 } },
      "1": { "start": { "line": 1, "column": 18 }, "end": { "line": 1, "column": null } },
      "2": { "start": { "line": 2, "column": 43 }, "end": { "line": 2, "column": null } },
      "3": { "start": { "line": 10, "column": 58 }, "end": { "line": 30, "column": null } },
      "4": { "start": { "line": 32, "column": 15 }, "end": { "line": 32, "column": null } }
    },
    "fnMap": {
      "0": {
        "name": "(anonymous_2)",
        "decl": { "start": { "line": 10, "column": 58 }, "end": { "line": 10, "column": 59 } },
        "loc": { "start": { "line": 10, "column": 112 }, "end": { "line": 30, "column": null } }
      }
    },
    "branchMap": {
      "0": {
        "loc": { "start": { "line": 23, "column": 47 }, "end": { "line": 23, "column": 87 } },
        "type": "cond-expr",
        "locations": [
          { "start": { "line": 23, "column": 70 }, "end": { "line": 23, "column": 80 } },
          { "start": { "line": 23, "column": 80 }, "end": { "line": 23, "column": 87 } }
        ]
      }
    },
    "s": { "0": 3, "1": 1, "2": 1, "3": 1, "4": 1 },
    "f": { "0": 3 },
    "b": { "0": [2, 1] }
  },
  "/Users/afurm/Development/crypto-portfolio-tracker/src/components/RecentTransactions.tsx": {
    "path": "/Users/afurm/Development/crypto-portfolio-tracker/src/components/RecentTransactions.tsx",
    "statementMap": {
      "0": { "start": { "line": 55, "column": 0 }, "end": { "line": 55, "column": 15 } },
      "1": { "start": { "line": 1, "column": 18 }, "end": { "line": 1, "column": null } },
      "2": { "start": { "line": 10, "column": 7 }, "end": { "line": 10, "column": null } },
      "3": { "start": { "line": 23, "column": 62 }, "end": { "line": 53, "column": null } },
      "4": { "start": { "line": 38, "column": 14 }, "end": { "line": 38, "column": null } },
      "5": { "start": { "line": 55, "column": 15 }, "end": { "line": 55, "column": null } }
    },
    "fnMap": {
      "0": {
        "name": "(anonymous_2)",
        "decl": { "start": { "line": 23, "column": 62 }, "end": { "line": 23, "column": 63 } },
        "loc": { "start": { "line": 23, "column": 79 }, "end": { "line": 53, "column": null } }
      },
      "1": {
        "name": "(anonymous_3)",
        "decl": { "start": { "line": 37, "column": 30 }, "end": { "line": 37, "column": 31 } },
        "loc": { "start": { "line": 38, "column": 14 }, "end": { "line": 38, "column": null } }
      }
    },
    "branchMap": {
      "0": {
        "loc": { "start": { "line": 32, "column": 10 }, "end": { "line": 36, "column": 11 } },
        "type": "cond-expr",
        "locations": [
          { "start": { "line": 32, "column": 10 }, "end": { "line": 36, "column": 11 } }
        ]
      },
      "1": {
        "loc": { "start": { "line": 41, "column": 32 }, "end": { "line": 41, "column": 79 } },
        "type": "cond-expr",
        "locations": [
          { "start": { "line": 41, "column": 61 }, "end": { "line": 41, "column": 72 } },
          { "start": { "line": 41, "column": 72 }, "end": { "line": 41, "column": 79 } }
        ]
      },
      "2": {
        "loc": { "start": { "line": 45, "column": 17 }, "end": { "line": 45, "column": null } },
        "type": "binary-expr",
        "locations": [
          { "start": { "line": 45, "column": 17 }, "end": { "line": 45, "column": 52 } },
          { "start": { "line": 45, "column": 52 }, "end": { "line": 45, "column": null } }
        ]
      }
    },
    "s": { "0": 2, "1": 1, "2": 1, "3": 1, "4": 3, "5": 1 },
    "f": { "0": 2, "1": 3 },
    "b": { "0": [1], "1": [2, 1], "2": [3, 2] }
  },
  "/Users/afurm/Development/crypto-portfolio-tracker/src/components/Sidebar.tsx": {
    "path": "/Users/afurm/Development/crypto-portfolio-tracker/src/components/Sidebar.tsx",
    "statementMap": {
      "0": { "start": { "line": 56, "column": 0 }, "end": { "line": 56, "column": 15 } },
      "1": { "start": { "line": 1, "column": 18 }, "end": { "line": 1, "column": null } },
      "2": { "start": { "line": 2, "column": 17 }, "end": { "line": 2, "column": null } },
      "3": { "start": { "line": 3, "column": 84 }, "end": { "line": 3, "column": null } },
      "4": { "start": { "line": 4, "column": 62 }, "end": { "line": 4, "column": null } },
      "5": { "start": { "line": 5, "column": 24 }, "end": { "line": 5, "column": null } },
      "6": { "start": { "line": 7, "column": 26 }, "end": { "line": 54, "column": null } },
      "7": { "start": { "line": 8, "column": 34 }, "end": { "line": 8, "column": 45 } },
      "8": { "start": { "line": 56, "column": 15 }, "end": { "line": 56, "column": null } }
    },
    "fnMap": {
      "0": {
        "name": "(anonymous_2)",
        "decl": { "start": { "line": 7, "column": 26 }, "end": { "line": 7, "column": null } },
        "loc": { "start": { "line": 7, "column": 26 }, "end": { "line": 54, "column": null } }
      }
    },
    "branchMap": {
      "0": {
        "loc": { "start": { "line": 41, "column": 12 }, "end": { "line": 45, "column": 65 } },
        "type": "cond-expr",
        "locations": [
          { "start": { "line": 41, "column": 12 }, "end": { "line": 45, "column": 65 } }
        ]
      }
    },
    "s": { "0": 2, "1": 1, "2": 1, "3": 1, "4": 1, "5": 1, "6": 1, "7": 3, "8": 1 },
    "f": { "0": 3 },
    "b": { "0": [1] }
  },
  "/Users/afurm/Development/crypto-portfolio-tracker/src/components/TransactionHistory.tsx": {
    "path": "/Users/afurm/Development/crypto-portfolio-tracker/src/components/TransactionHistory.tsx",
    "statementMap": {
      "0": { "start": { "line": 128, "column": 0 }, "end": { "line": 128, "column": 15 } },
      "1": { "start": { "line": 1, "column": 43 }, "end": { "line": 1, "column": null } },
      "2": { "start": { "line": 2, "column": 18 }, "end": { "line": 2, "column": null } },
      "3": { "start": { "line": 14, "column": 7 }, "end": { "line": 14, "column": null } },
      "4": { "start": { "line": 32, "column": 62 }, "end": { "line": 126, "column": null } },
      "5": { "start": { "line": 33, "column": 16 }, "end": { "line": 33, "column": null } },
      "6": { "start": { "line": 34, "column": 42 }, "end": { "line": 34, "column": null } },
      "7": { "start": { "line": 36, "column": 2 }, "end": { "line": 62, "column": null } },
      "8": { "start": { "line": 37, "column": 30 }, "end": { "line": 57, "column": null } },
      "9": { "start": { "line": 38, "column": 6 }, "end": { "line": 56, "column": null } },
      "10": { "start": { "line": 40, "column": 28 }, "end": { "line": 40, "column": null } },
      "11": { "start": { "line": 40, "column": 72 }, "end": { "line": 40, "column": null } },
      "12": { "start": { "line": 43, "column": 25 }, "end": { "line": 44, "column": null } },
      "13": { "start": { "line": 48, "column": 44 }, "end": { "line": 48, "column": null } },
      "14": { "start": { "line": 49, "column": 8 }, "end": { "line": 51, "column": null } },
      "15": { "start": { "line": 50, "column": 10 }, "end": { "line": 50, "column": null } },
      "16": { "start": { "line": 53, "column": 8 }, "end": { "line": 53, "column": null } },
      "17": { "start": { "line": 55, "column": 8 }, "end": { "line": 55, "column": null } },
      "18": { "start": { "line": 59, "column": 4 }, "end": { "line": 61, "column": null } },
      "19": { "start": { "line": 60, "column": 6 }, "end": { "line": 60, "column": null } },
      "20": { "start": { "line": 89, "column": 36 }, "end": { "line": 89, "column": 84 } },
      "21": { "start": { "line": 91, "column": 16 }, "end": { "line": 93, "column": null } },
      "22": { "start": { "line": 128, "column": 15 }, "end": { "line": 128, "column": null } }
    },
    "fnMap": {
      "0": {
        "name": "(anonymous_5)",
        "decl": { "start": { "line": 32, "column": 62 }, "end": { "line": 32, "column": 63 } },
        "loc": { "start": { "line": 32, "column": 79 }, "end": { "line": 126, "column": null } }
      },
      "1": {
        "name": "(anonymous_6)",
        "decl": { "start": { "line": 36, "column": 12 }, "end": { "line": 36, "column": null } },
        "loc": { "start": { "line": 36, "column": 12 }, "end": { "line": 62, "column": 5 } }
      },
      "2": {
        "name": "(anonymous_7)",
        "decl": { "start": { "line": 37, "column": 30 }, "end": { "line": 37, "column": null } },
        "loc": { "start": { "line": 37, "column": 30 }, "end": { "line": 57, "column": null } }
      },
      "3": {
        "name": "(anonymous_8)",
        "decl": { "start": { "line": 40, "column": 64 }, "end": { "line": 40, "column": 65 } },
        "loc": { "start": { "line": 40, "column": 72 }, "end": { "line": 40, "column": null } }
      },
      "4": {
        "name": "(anonymous_9)",
        "decl": { "start": { "line": 49, "column": 28 }, "end": { "line": 49, "column": 29 } },
        "loc": { "start": { "line": 49, "column": 29 }, "end": { "line": 51, "column": null } }
      },
      "5": {
        "name": "(anonymous_10)",
        "decl": { "start": { "line": 87, "column": 32 }, "end": { "line": 87, "column": 33 } },
        "loc": { "start": { "line": 87, "column": 46 }, "end": { "line": 119, "column": null } }
      }
    },
    "branchMap": {
      "0": {
        "loc": { "start": { "line": 59, "column": 4 }, "end": { "line": 61, "column": null } },
        "type": "if",
        "locations": [
          { "start": { "line": 59, "column": 4 }, "end": { "line": 61, "column": null } }
        ]
      },
      "1": {
        "loc": { "start": { "line": 70, "column": 8 }, "end": { "line": 74, "column": 9 } },
        "type": "cond-expr",
        "locations": [{ "start": { "line": 70, "column": 8 }, "end": { "line": 74, "column": 9 } }]
      },
      "2": {
        "loc": { "start": { "line": 95, "column": 39 }, "end": { "line": 97, "column": 53 } },
        "type": "cond-expr",
        "locations": [
          { "start": { "line": 96, "column": 26 }, "end": { "line": 96, "column": 55 } },
          { "start": { "line": 97, "column": 26 }, "end": { "line": 97, "column": 53 } }
        ]
      },
      "3": {
        "loc": { "start": { "line": 99, "column": 41 }, "end": { "line": 101, "column": 53 } },
        "type": "cond-expr",
        "locations": [
          { "start": { "line": 100, "column": 28 }, "end": { "line": 100, "column": 55 } },
          { "start": { "line": 101, "column": 28 }, "end": { "line": 101, "column": 53 } }
        ]
      },
      "4": {
        "loc": { "start": { "line": 108, "column": 41 }, "end": { "line": 108, "column": null } },
        "type": "cond-expr",
        "locations": [
          { "start": { "line": 108, "column": 81 }, "end": { "line": 108, "column": 98 } },
          { "start": { "line": 108, "column": 98 }, "end": { "line": 108, "column": null } }
        ]
      },
      "5": {
        "loc": { "start": { "line": 114, "column": 23 }, "end": { "line": 114, "column": null } },
        "type": "cond-expr",
        "locations": [
          { "start": { "line": 114, "column": 51 }, "end": { "line": 114, "column": 79 } },
          { "start": { "line": 114, "column": 82 }, "end": { "line": 114, "column": null } }
        ]
      }
    },
    "s": {
      "0": 2,
      "1": 1,
      "2": 1,
      "3": 1,
      "4": 1,
      "5": 2,
      "6": 2,
      "7": 2,
      "8": 2,
      "9": 1,
      "10": 1,
      "11": 2,
      "12": 1,
      "13": 0,
      "14": 0,
      "15": 0,
      "16": 0,
      "17": 0,
      "18": 2,
      "19": 1,
      "20": 2,
      "21": 2,
      "22": 1
    },
    "f": { "0": 2, "1": 2, "2": 1, "3": 2, "4": 0, "5": 2 },
    "b": { "0": [1], "1": [1], "2": [1, 1], "3": [1, 1], "4": [1, 1], "5": [0, 2] }
  },
  "/Users/afurm/Development/crypto-portfolio-tracker/src/context/AuthContext.tsx": {
    "path": "/Users/afurm/Development/crypto-portfolio-tracker/src/context/AuthContext.tsx",
    "statementMap": {
      "0": { "start": { "line": 11, "column": 13 }, "end": { "line": 11, "column": 24 } },
      "1": { "start": { "line": 13, "column": 13 }, "end": { "line": 13, "column": 25 } },
      "2": { "start": { "line": 33, "column": 13 }, "end": { "line": 33, "column": 20 } },
      "3": { "start": { "line": 1, "column": 70 }, "end": { "line": 1, "column": null } },
      "4": { "start": { "line": 2, "column": 67 }, "end": { "line": 2, "column": null } },
      "5": { "start": { "line": 3, "column": 31 }, "end": { "line": 3, "column": null } },
      "6": { "start": { "line": 11, "column": 27 }, "end": { "line": 11, "column": null } },
      "7": { "start": { "line": 13, "column": 69 }, "end": { "line": 31, "column": null } },
      "8": { "start": { "line": 14, "column": 26 }, "end": { "line": 14, "column": null } },
      "9": { "start": { "line": 16, "column": 2 }, "end": { "line": 21, "column": null } },
      "10": { "start": { "line": 17, "column": 24 }, "end": { "line": 19, "column": null } },
      "11": { "start": { "line": 18, "column": 6 }, "end": { "line": 18, "column": null } },
      "12": { "start": { "line": 20, "column": 4 }, "end": { "line": 20, "column": null } },
      "13": { "start": { "line": 20, "column": 17 }, "end": { "line": 20, "column": null } },
      "14": { "start": { "line": 23, "column": 16 }, "end": { "line": 23, "column": null } },
      "15": { "start": { "line": 23, "column": 22 }, "end": { "line": 23, "column": null } },
      "16": { "start": { "line": 23, "column": 71 }, "end": { "line": 23, "column": null } },
      "17": { "start": { "line": 24, "column": 17 }, "end": { "line": 24, "column": null } },
      "18": { "start": { "line": 24, "column": 23 }, "end": { "line": 24, "column": null } },
      "19": { "start": { "line": 24, "column": 54 }, "end": { "line": 24, "column": null } },
      "20": { "start": { "line": 33, "column": 23 }, "end": { "line": 39, "column": null } },
      "21": { "start": { "line": 34, "column": 18 }, "end": { "line": 34, "column": null } },
      "22": { "start": { "line": 35, "column": 2 }, "end": { "line": 37, "column": null } },
      "23": { "start": { "line": 36, "column": 4 }, "end": { "line": 36, "column": null } },
      "24": { "start": { "line": 38, "column": 2 }, "end": { "line": 38, "column": null } }
    },
    "fnMap": {
      "0": {
        "name": "(anonymous_7)",
        "decl": { "start": { "line": 13, "column": 69 }, "end": { "line": 13, "column": 70 } },
        "loc": { "start": { "line": 13, "column": 82 }, "end": { "line": 31, "column": null } }
      },
      "1": {
        "name": "(anonymous_8)",
        "decl": { "start": { "line": 16, "column": 12 }, "end": { "line": 16, "column": null } },
        "loc": { "start": { "line": 16, "column": 12 }, "end": { "line": 21, "column": 5 } }
      },
      "2": {
        "name": "(anonymous_9)",
        "decl": { "start": { "line": 17, "column": 49 }, "end": { "line": 17, "column": 50 } },
        "loc": { "start": { "line": 17, "column": 50 }, "end": { "line": 19, "column": null } }
      },
      "3": {
        "name": "(anonymous_10)",
        "decl": { "start": { "line": 20, "column": 11 }, "end": { "line": 20, "column": 17 } },
        "loc": { "start": { "line": 20, "column": 17 }, "end": { "line": 20, "column": null } }
      },
      "4": {
        "name": "(anonymous_11)",
        "decl": { "start": { "line": 23, "column": 16 }, "end": { "line": 23, "column": 22 } },
        "loc": { "start": { "line": 23, "column": 22 }, "end": { "line": 23, "column": null } }
      },
      "5": {
        "name": "(anonymous_12)",
        "decl": { "start": { "line": 23, "column": 60 }, "end": { "line": 23, "column": 61 } },
        "loc": { "start": { "line": 23, "column": 71 }, "end": { "line": 23, "column": null } }
      },
      "6": {
        "name": "(anonymous_13)",
        "decl": { "start": { "line": 24, "column": 17 }, "end": { "line": 24, "column": 23 } },
        "loc": { "start": { "line": 24, "column": 23 }, "end": { "line": 24, "column": null } }
      },
      "7": {
        "name": "(anonymous_14)",
        "decl": { "start": { "line": 24, "column": 43 }, "end": { "line": 24, "column": 44 } },
        "loc": { "start": { "line": 24, "column": 54 }, "end": { "line": 24, "column": null } }
      },
      "8": {
        "name": "(anonymous_15)",
        "decl": { "start": { "line": 33, "column": 23 }, "end": { "line": 33, "column": null } },
        "loc": { "start": { "line": 33, "column": 23 }, "end": { "line": 39, "column": null } }
      }
    },
    "branchMap": {
      "0": {
        "loc": { "start": { "line": 35, "column": 2 }, "end": { "line": 37, "column": null } },
        "type": "if",
        "locations": [
          { "start": { "line": 35, "column": 2 }, "end": { "line": 37, "column": null } }
        ]
      }
    },
    "s": {
      "0": 34,
      "1": 0,
      "2": 82,
      "3": 4,
      "4": 4,
      "5": 4,
      "6": 4,
      "7": 4,
      "8": 0,
      "9": 0,
      "10": 0,
      "11": 0,
      "12": 0,
      "13": 0,
      "14": 0,
      "15": 0,
      "16": 0,
      "17": 0,
      "18": 0,
      "19": 0,
      "20": 4,
      "21": 82,
      "22": 81,
      "23": 0,
      "24": 81
    },
    "f": { "0": 0, "1": 0, "2": 0, "3": 0, "4": 0, "5": 0, "6": 0, "7": 0, "8": 82 },
    "b": { "0": [0] }
  },
  "/Users/afurm/Development/crypto-portfolio-tracker/src/hooks/useAuth.ts": {
    "path": "/Users/afurm/Development/crypto-portfolio-tracker/src/hooks/useAuth.ts",
    "statementMap": {
      "0": { "start": { "line": 4, "column": 13 }, "end": { "line": 4, "column": 23 } },
      "1": { "start": { "line": 1, "column": 27 }, "end": { "line": 1, "column": null } },
      "2": { "start": { "line": 2, "column": 28 }, "end": { "line": 2, "column": null } },
      "3": { "start": { "line": 4, "column": 23 }, "end": { "line": 10, "column": null } },
      "4": { "start": { "line": 5, "column": 18 }, "end": { "line": 5, "column": null } },
      "5": { "start": { "line": 6, "column": 2 }, "end": { "line": 8, "column": null } },
      "6": { "start": { "line": 7, "column": 4 }, "end": { "line": 7, "column": null } },
      "7": { "start": { "line": 9, "column": 2 }, "end": { "line": 9, "column": null } }
    },
    "fnMap": {
      "0": {
        "name": "(anonymous_1)",
        "decl": { "start": { "line": 4, "column": 23 }, "end": { "line": 4, "column": null } },
        "loc": { "start": { "line": 4, "column": 23 }, "end": { "line": 10, "column": null } }
      }
    },
    "branchMap": {
      "0": {
        "loc": { "start": { "line": 6, "column": 2 }, "end": { "line": 8, "column": null } },
        "type": "if",
        "locations": [{ "start": { "line": 6, "column": 2 }, "end": { "line": 8, "column": null } }]
      }
    },
    "s": { "0": 16, "1": 2, "2": 2, "3": 2, "4": 16, "5": 16, "6": 4, "7": 12 },
    "f": { "0": 16 },
    "b": { "0": [4] }
  },
  "/Users/afurm/Development/crypto-portfolio-tracker/src/hooks/usePortfolio.ts": {
    "path": "/Users/afurm/Development/crypto-portfolio-tracker/src/hooks/usePortfolio.ts",
    "statementMap": {
      "0": { "start": { "line": 12, "column": 13 }, "end": { "line": 12, "column": 28 } },
      "1": { "start": { "line": 1, "column": 36 }, "end": { "line": 1, "column": null } },
      "2": { "start": { "line": 2, "column": 26 }, "end": { "line": 2, "column": null } },
      "3": { "start": { "line": 3, "column": 24 }, "end": { "line": 3, "column": null } },
      "4": { "start": { "line": 4, "column": 44 }, "end": { "line": 4, "column": null } },
      "5": { "start": { "line": 5, "column": 18 }, "end": { "line": 5, "column": null } },
      "6": { "start": { "line": 12, "column": 28 }, "end": { "line": 51, "column": null } },
      "7": { "start": { "line": 13, "column": 19 }, "end": { "line": 13, "column": null } },
      "8": { "start": { "line": 14, "column": 30 }, "end": { "line": 14, "column": null } },
      "9": { "start": { "line": 15, "column": 32 }, "end": { "line": 15, "column": null } },
      "10": { "start": { "line": 16, "column": 40 }, "end": { "line": 16, "column": null } },
      "11": { "start": { "line": 18, "column": 2 }, "end": { "line": 36, "column": null } },
      "12": { "start": { "line": 19, "column": 4 }, "end": { "line": 23, "column": null } },
      "13": { "start": { "line": 20, "column": 6 }, "end": { "line": 20, "column": null } },
      "14": { "start": { "line": 21, "column": 6 }, "end": { "line": 21, "column": null } },
      "15": { "start": { "line": 22, "column": 6 }, "end": { "line": 22, "column": null } },
      "16": { "start": { "line": 25, "column": 20 }, "end": { "line": 25, "column": null } },
      "17": { "start": { "line": 26, "column": 24 }, "end": { "line": 33, "column": null } },
      "18": { "start": { "line": 27, "column": 6 }, "end": { "line": 31, "column": null } },
      "19": { "start": { "line": 28, "column": 8 }, "end": { "line": 28, "column": null } },
      "20": { "start": { "line": 30, "column": 8 }, "end": { "line": 30, "column": null } },
      "21": { "start": { "line": 32, "column": 6 }, "end": { "line": 32, "column": null } },
      "22": { "start": { "line": 35, "column": 4 }, "end": { "line": 35, "column": null } },
      "23": { "start": { "line": 35, "column": 17 }, "end": { "line": 35, "column": null } },
      "24": { "start": { "line": 38, "column": 27 }, "end": { "line": 48, "column": null } },
      "25": { "start": { "line": 39, "column": 4 }, "end": { "line": 39, "column": null } },
      "26": { "start": { "line": 39, "column": 26 }, "end": { "line": 39, "column": null } },
      "27": { "start": { "line": 40, "column": 4 }, "end": { "line": 47, "column": null } },
      "28": { "start": { "line": 41, "column": 23 }, "end": { "line": 42, "column": null } },
      "29": { "start": { "line": 44, "column": 6 }, "end": { "line": 44, "column": null } },
      "30": { "start": { "line": 44, "column": 60 }, "end": { "line": 44, "column": 69 } },
      "31": { "start": { "line": 46, "column": 6 }, "end": { "line": 46, "column": null } },
      "32": { "start": { "line": 50, "column": 2 }, "end": { "line": 50, "column": null } }
    },
    "fnMap": {
      "0": {
        "name": "(anonymous_2)",
        "decl": { "start": { "line": 12, "column": 28 }, "end": { "line": 12, "column": null } },
        "loc": { "start": { "line": 12, "column": 28 }, "end": { "line": 51, "column": null } }
      },
      "1": {
        "name": "(anonymous_3)",
        "decl": { "start": { "line": 18, "column": 12 }, "end": { "line": 18, "column": null } },
        "loc": { "start": { "line": 18, "column": 12 }, "end": { "line": 36, "column": 5 } }
      },
      "2": {
        "name": "(anonymous_4)",
        "decl": { "start": { "line": 26, "column": 44 }, "end": { "line": 26, "column": 45 } },
        "loc": { "start": { "line": 26, "column": 45 }, "end": { "line": 33, "column": null } }
      },
      "3": {
        "name": "(anonymous_5)",
        "decl": { "start": { "line": 35, "column": 11 }, "end": { "line": 35, "column": 17 } },
        "loc": { "start": { "line": 35, "column": 17 }, "end": { "line": 35, "column": null } }
      },
      "4": {
        "name": "(anonymous_6)",
        "decl": { "start": { "line": 38, "column": 27 }, "end": { "line": 38, "column": 34 } },
        "loc": { "start": { "line": 38, "column": 34 }, "end": { "line": 48, "column": null } }
      },
      "5": {
        "name": "(anonymous_7)",
        "decl": { "start": { "line": 44, "column": 45 }, "end": { "line": 44, "column": 46 } },
        "loc": { "start": { "line": 44, "column": 60 }, "end": { "line": 44, "column": 69 } }
      }
    },
    "branchMap": {
      "0": {
        "loc": { "start": { "line": 19, "column": 4 }, "end": { "line": 23, "column": null } },
        "type": "if",
        "locations": [
          { "start": { "line": 19, "column": 4 }, "end": { "line": 23, "column": null } }
        ]
      },
      "1": {
        "loc": { "start": { "line": 27, "column": 6 }, "end": { "line": 31, "column": null } },
        "type": "if",
        "locations": [
          { "start": { "line": 27, "column": 6 }, "end": { "line": 31, "column": null } },
          { "start": { "line": 29, "column": 13 }, "end": { "line": 31, "column": null } }
        ]
      },
      "2": {
        "loc": { "start": { "line": 28, "column": 18 }, "end": { "line": 28, "column": 42 } },
        "type": "binary-expr",
        "locations": [
          { "start": { "line": 28, "column": 18 }, "end": { "line": 28, "column": 40 } },
          { "start": { "line": 28, "column": 40 }, "end": { "line": 28, "column": 42 } }
        ]
      },
      "3": {
        "loc": { "start": { "line": 39, "column": 4 }, "end": { "line": 39, "column": null } },
        "type": "if",
        "locations": [
          { "start": { "line": 39, "column": 4 }, "end": { "line": 39, "column": null } }
        ]
      }
    },
    "s": {
      "0": 11,
      "1": 1,
      "2": 1,
      "3": 1,
      "4": 1,
      "5": 1,
      "6": 1,
      "7": 11,
      "8": 11,
      "9": 11,
      "10": 11,
      "11": 11,
      "12": 5,
      "13": 0,
      "14": 0,
      "15": 0,
      "16": 5,
      "17": 5,
      "18": 5,
      "19": 4,
      "20": 1,
      "21": 5,
      "22": 5,
      "23": 5,
      "24": 11,
      "25": 3,
      "26": 1,
      "27": 2,
      "28": 2,
      "29": 1,
      "30": 2,
      "31": 1,
      "32": 11
    },
    "f": { "0": 11, "1": 5, "2": 5, "3": 5, "4": 3, "5": 2 },
    "b": { "0": [0], "1": [4, 1], "2": [4, 0], "3": [1] }
  },
  "/Users/afurm/Development/crypto-portfolio-tracker/src/lib/firebaseConfig.ts": {
    "path": "/Users/afurm/Development/crypto-portfolio-tracker/src/lib/firebaseConfig.ts",
    "statementMap": {
      "0": { "start": { "line": 23, "column": 13 }, "end": { "line": 23, "column": 16 } },
      "1": { "start": { "line": 25, "column": 13 }, "end": { "line": 25, "column": 17 } },
      "2": { "start": { "line": 24, "column": 13 }, "end": { "line": 24, "column": 21 } },
      "3": { "start": { "line": 26, "column": 13 }, "end": { "line": 26, "column": 21 } },
      "4": { "start": { "line": 2, "column": 30 }, "end": { "line": 2, "column": null } },
      "5": { "start": { "line": 3, "column": 28 }, "end": { "line": 3, "column": null } },
      "6": { "start": { "line": 4, "column": 43 }, "end": { "line": 4, "column": null } },
      "7": { "start": { "line": 11, "column": 23 }, "end": { "line": 20, "column": null } },
      "8": { "start": { "line": 23, "column": 19 }, "end": { "line": 23, "column": null } },
      "9": { "start": { "line": 24, "column": 24 }, "end": { "line": 24, "column": null } },
      "10": { "start": { "line": 25, "column": 20 }, "end": { "line": 25, "column": null } },
      "11": { "start": { "line": 26, "column": 24 }, "end": { "line": 26, "column": null } }
    },
    "fnMap": {},
    "branchMap": {},
    "s": {
      "0": 0,
      "1": 0,
      "2": 3,
      "3": 0,
      "4": 3,
      "5": 3,
      "6": 3,
      "7": 3,
      "8": 3,
      "9": 3,
      "10": 3,
      "11": 3
    },
    "f": {},
    "b": {}
  },
  "/Users/afurm/Development/crypto-portfolio-tracker/src/lib/firebaseUtils.ts": {
    "path": "/Users/afurm/Development/crypto-portfolio-tracker/src/lib/firebaseUtils.ts",
    "statementMap": {
      "0": { "start": { "line": 4, "column": 13 }, "end": { "line": 4, "column": 31 } },
      "1": { "start": { "line": 1, "column": 32 }, "end": { "line": 1, "column": null } },
      "2": { "start": { "line": 2, "column": 25 }, "end": { "line": 2, "column": null } },
      "3": { "start": { "line": 4, "column": 31 }, "end": { "line": 23, "column": null } },
      "4": { "start": { "line": 5, "column": 2 }, "end": { "line": 22, "column": null } },
      "5": { "start": { "line": 6, "column": 18 }, "end": { "line": 6, "column": null } },
      "6": { "start": { "line": 7, "column": 21 }, "end": { "line": 7, "column": null } },
      "7": { "start": { "line": 8, "column": 4 }, "end": { "line": 18, "column": null } },
      "8": { "start": { "line": 9, "column": 19 }, "end": { "line": 9, "column": null } },
      "9": { "start": { "line": 11, "column": 6 }, "end": { "line": 14, "column": null } },
      "10": { "start": { "line": 11, "column": 45 }, "end": { "line": 14, "column": null } },
      "11": { "start": { "line": 16, "column": 6 }, "end": { "line": 16, "column": null } },
      "12": { "start": { "line": 17, "column": 6 }, "end": { "line": 17, "column": null } },
      "13": { "start": { "line": 20, "column": 4 }, "end": { "line": 20, "column": null } },
      "14": { "start": { "line": 21, "column": 4 }, "end": { "line": 21, "column": null } }
    },
    "fnMap": {
      "0": {
        "name": "(anonymous_1)",
        "decl": { "start": { "line": 4, "column": 31 }, "end": { "line": 4, "column": 38 } },
        "loc": { "start": { "line": 4, "column": 38 }, "end": { "line": 23, "column": null } }
      },
      "1": {
        "name": "(anonymous_2)",
        "decl": { "start": { "line": 11, "column": 35 }, "end": { "line": 11, "column": 36 } },
        "loc": { "start": { "line": 11, "column": 45 }, "end": { "line": 14, "column": null } }
      }
    },
    "branchMap": {
      "0": {
        "loc": { "start": { "line": 8, "column": 4 }, "end": { "line": 18, "column": null } },
        "type": "if",
        "locations": [
          { "start": { "line": 8, "column": 4 }, "end": { "line": 18, "column": null } },
          { "start": { "line": 15, "column": 11 }, "end": { "line": 18, "column": null } }
        ]
      }
    },
    "s": {
      "0": 0,
      "1": 0,
      "2": 0,
      "3": 0,
      "4": 0,
      "5": 0,
      "6": 0,
      "7": 0,
      "8": 0,
      "9": 0,
      "10": 0,
      "11": 0,
      "12": 0,
      "13": 0,
      "14": 0
    },
    "f": { "0": 0, "1": 0 },
    "b": { "0": [0, 0] }
  },
  "/Users/afurm/Development/crypto-portfolio-tracker/src/pages/_app.tsx": {
    "path": "/Users/afurm/Development/crypto-portfolio-tracker/src/pages/_app.tsx",
    "statementMap": {
      "0": { "start": { "line": 23, "column": 0 }, "end": { "line": 23, "column": 15 } },
      "1": { "start": { "line": 2, "column": 18 }, "end": { "line": 2, "column": null } },
      "2": { "start": { "line": 4, "column": 29 }, "end": { "line": 4, "column": null } },
      "3": { "start": { "line": 5, "column": 19 }, "end": { "line": 5, "column": null } },
      "4": { "start": { "line": 6, "column": 43 }, "end": { "line": 6, "column": null } },
      "5": { "start": { "line": 8, "column": 14 }, "end": { "line": 9, "column": null } },
      "6": { "start": { "line": 23, "column": 15 }, "end": { "line": 23, "column": null } }
    },
    "fnMap": {
      "0": {
        "name": "MyApp",
        "decl": { "start": { "line": 11, "column": 9 }, "end": { "line": 11, "column": 15 } },
        "loc": { "start": { "line": 11, "column": 49 }, "end": { "line": 21, "column": null } }
      }
    },
    "branchMap": {},
    "s": { "0": 0, "1": 0, "2": 0, "3": 0, "4": 0, "5": 0, "6": 0 },
    "f": { "0": 0 },
    "b": {}
  },
  "/Users/afurm/Development/crypto-portfolio-tracker/src/pages/add-transaction.tsx": {
    "path": "/Users/afurm/Development/crypto-portfolio-tracker/src/pages/add-transaction.tsx",
    "statementMap": {
      "0": { "start": { "line": 17, "column": 0 }, "end": { "line": 17, "column": 15 } },
      "1": { "start": { "line": 1, "column": 26 }, "end": { "line": 1, "column": null } },
      "2": { "start": { "line": 4, "column": 18 }, "end": { "line": 4, "column": null } },
      "3": { "start": { "line": 6, "column": 37 }, "end": { "line": 15, "column": null } },
      "4": { "start": { "line": 17, "column": 15 }, "end": { "line": 17, "column": null } }
    },
    "fnMap": {
      "0": {
        "name": "(anonymous_2)",
        "decl": { "start": { "line": 6, "column": 37 }, "end": { "line": 6, "column": null } },
        "loc": { "start": { "line": 6, "column": 37 }, "end": { "line": 15, "column": null } }
      }
    },
    "branchMap": {},
    "s": { "0": 0, "1": 0, "2": 0, "3": 0, "4": 0 },
    "f": { "0": 0 },
    "b": {}
  },
  "/Users/afurm/Development/crypto-portfolio-tracker/src/pages/dashboard.tsx": {
    "path": "/Users/afurm/Development/crypto-portfolio-tracker/src/pages/dashboard.tsx",
    "statementMap": {
      "0": { "start": { "line": 17, "column": 0 }, "end": { "line": 17, "column": 15 } },
      "1": { "start": { "line": 2, "column": 18 }, "end": { "line": 2, "column": null } },
      "2": { "start": { "line": 3, "column": 26 }, "end": { "line": 3, "column": null } },
      "3": { "start": { "line": 5, "column": 28 }, "end": { "line": 15, "column": null } },
      "4": { "start": { "line": 17, "column": 15 }, "end": { "line": 17, "column": null } }
    },
    "fnMap": {
      "0": {
        "name": "(anonymous_2)",
        "decl": { "start": { "line": 5, "column": 28 }, "end": { "line": 5, "column": null } },
        "loc": { "start": { "line": 5, "column": 28 }, "end": { "line": 15, "column": null } }
      }
    },
    "branchMap": {},
    "s": { "0": 0, "1": 0, "2": 0, "3": 0, "4": 0 },
    "f": { "0": 0 },
    "b": {}
  },
  "/Users/afurm/Development/crypto-portfolio-tracker/src/pages/index.tsx": {
    "path": "/Users/afurm/Development/crypto-portfolio-tracker/src/pages/index.tsx",
    "statementMap": {
      "0": { "start": { "line": 16, "column": 0 }, "end": { "line": 16, "column": 15 } },
      "1": { "start": { "line": 3, "column": 18 }, "end": { "line": 3, "column": null } },
      "2": { "start": { "line": 6, "column": 23 }, "end": { "line": 14, "column": null } },
      "3": { "start": { "line": 16, "column": 15 }, "end": { "line": 16, "column": null } }
    },
    "fnMap": {
      "0": {
        "name": "(anonymous_2)",
        "decl": { "start": { "line": 6, "column": 23 }, "end": { "line": 6, "column": null } },
        "loc": { "start": { "line": 6, "column": 23 }, "end": { "line": 14, "column": null } }
      }
    },
    "branchMap": {},
    "s": { "0": 0, "1": 0, "2": 0, "3": 0 },
    "f": { "0": 0 },
    "b": {}
  },
  "/Users/afurm/Development/crypto-portfolio-tracker/src/pages/login.tsx": {
    "path": "/Users/afurm/Development/crypto-portfolio-tracker/src/pages/login.tsx",
    "statementMap": {
      "0": { "start": { "line": 12, "column": 0 }, "end": { "line": 12, "column": 15 } },
      "1": { "start": { "line": 3, "column": 24 }, "end": { "line": 10, "column": null } },
      "2": { "start": { "line": 12, "column": 15 }, "end": { "line": 12, "column": null } }
    },
    "fnMap": {
      "0": {
        "name": "(anonymous_1)",
        "decl": { "start": { "line": 3, "column": 24 }, "end": { "line": 3, "column": null } },
        "loc": { "start": { "line": 3, "column": 24 }, "end": { "line": 10, "column": null } }
      }
    },
    "branchMap": {},
    "s": { "0": 0, "1": 0, "2": 0 },
    "f": { "0": 0 },
    "b": {}
  },
  "/Users/afurm/Development/crypto-portfolio-tracker/src/pages/transaction-history.tsx": {
    "path": "/Users/afurm/Development/crypto-portfolio-tracker/src/pages/transaction-history.tsx",
    "statementMap": {
      "0": { "start": { "line": 33, "column": 0 }, "end": { "line": 33, "column": 15 } },
      "1": { "start": { "line": 1, "column": 48 }, "end": { "line": 1, "column": null } },
      "2": { "start": { "line": 2, "column": 24 }, "end": { "line": 2, "column": null } },
      "3": { "start": { "line": 3, "column": 32 }, "end": { "line": 3, "column": null } },
      "4": { "start": { "line": 5, "column": 43 }, "end": { "line": 5, "column": null } },
      "5": { "start": { "line": 7, "column": 41 }, "end": { "line": 31, "column": null } },
      "6": { "start": { "line": 9, "column": 42 }, "end": { "line": 9, "column": null } },
      "7": { "start": { "line": 10, "column": 19 }, "end": { "line": 10, "column": null } },
      "8": { "start": { "line": 12, "column": 2 }, "end": { "line": 21, "column": null } },
      "9": { "start": { "line": 13, "column": 30 }, "end": { "line": 18, "column": null } },
      "10": { "start": { "line": 14, "column": 6 }, "end": { "line": 17, "column": null } },
      "11": { "start": { "line": 15, "column": 36 }, "end": { "line": 15, "column": null } },
      "12": { "start": { "line": 16, "column": 8 }, "end": { "line": 16, "column": null } },
      "13": { "start": { "line": 20, "column": 4 }, "end": { "line": 20, "column": null } },
      "14": { "start": { "line": 33, "column": 15 }, "end": { "line": 33, "column": null } }
    },
    "fnMap": {
      "0": {
        "name": "(anonymous_5)",
        "decl": { "start": { "line": 7, "column": 41 }, "end": { "line": 7, "column": null } },
        "loc": { "start": { "line": 7, "column": 41 }, "end": { "line": 31, "column": null } }
      },
      "1": {
        "name": "(anonymous_6)",
        "decl": { "start": { "line": 12, "column": 12 }, "end": { "line": 12, "column": null } },
        "loc": { "start": { "line": 12, "column": 12 }, "end": { "line": 21, "column": 5 } }
      },
      "2": {
        "name": "(anonymous_7)",
        "decl": { "start": { "line": 13, "column": 30 }, "end": { "line": 13, "column": null } },
        "loc": { "start": { "line": 13, "column": 30 }, "end": { "line": 18, "column": null } }
      }
    },
    "branchMap": {
      "0": {
        "loc": { "start": { "line": 14, "column": 6 }, "end": { "line": 17, "column": null } },
        "type": "if",
        "locations": [
          { "start": { "line": 14, "column": 6 }, "end": { "line": 17, "column": null } }
        ]
      }
    },
    "s": {
      "0": 0,
      "1": 0,
      "2": 0,
      "3": 0,
      "4": 0,
      "5": 0,
      "6": 0,
      "7": 0,
      "8": 0,
      "9": 0,
      "10": 0,
      "11": 0,
      "12": 0,
      "13": 0,
      "14": 0
    },
    "f": { "0": 0, "1": 0, "2": 0 },
    "b": { "0": [0] }
  },
  "/Users/afurm/Development/crypto-portfolio-tracker/src/utils/constants.ts": {
    "path": "/Users/afurm/Development/crypto-portfolio-tracker/src/utils/constants.ts",
    "statementMap": {
      "0": { "start": { "line": 14, "column": 13 }, "end": { "line": 14, "column": 29 } },
      "1": { "start": { "line": 1, "column": 13 }, "end": { "line": 1, "column": 39 } },
      "2": { "start": { "line": 1, "column": 42 }, "end": { "line": 12, "column": null } },
      "3": { "start": { "line": 14, "column": 59 }, "end": { "line": 18, "column": null } }
    },
    "fnMap": {},
    "branchMap": {},
    "s": { "0": 6, "1": 0, "2": 1, "3": 1 },
    "f": {},
    "b": {}
  },
  "/Users/afurm/Development/crypto-portfolio-tracker/src/utils/formatCurrency.ts": {
    "path": "/Users/afurm/Development/crypto-portfolio-tracker/src/utils/formatCurrency.ts",
    "statementMap": {
      "0": { "start": { "line": 5, "column": 13 }, "end": { "line": 5, "column": 30 } },
      "1": { "start": { "line": 3, "column": 33 }, "end": { "line": 3, "column": null } },
      "2": { "start": { "line": 5, "column": 30 }, "end": { "line": 8, "column": null } },
      "3": { "start": { "line": 6, "column": 17 }, "end": { "line": 6, "column": null } },
      "4": { "start": { "line": 7, "column": 2 }, "end": { "line": 7, "column": null } }
    },
    "fnMap": {
      "0": {
        "name": "(anonymous_1)",
        "decl": { "start": { "line": 5, "column": 30 }, "end": { "line": 5, "column": 31 } },
        "loc": { "start": { "line": 5, "column": 70 }, "end": { "line": 8, "column": null } }
      }
    },
    "branchMap": {
      "0": {
        "loc": { "start": { "line": 5, "column": 46 }, "end": { "line": 5, "column": 70 } },
        "type": "default-arg",
        "locations": [{ "start": { "line": 5, "column": 65 }, "end": { "line": 5, "column": 70 } }]
      },
      "1": {
        "loc": { "start": { "line": 6, "column": 17 }, "end": { "line": 6, "column": null } },
        "type": "binary-expr",
        "locations": [
          { "start": { "line": 6, "column": 17 }, "end": { "line": 6, "column": 43 } },
          { "start": { "line": 6, "column": 47 }, "end": { "line": 6, "column": null } }
        ]
      }
    },
    "s": { "0": 6, "1": 1, "2": 1, "3": 6, "4": 6 },
    "f": { "0": 6 },
    "b": { "0": [3], "1": [6, 1] }
  },
  "/Users/afurm/Development/crypto-portfolio-tracker/src/utils/helpers.ts": {
    "path": "/Users/afurm/Development/crypto-portfolio-tracker/src/utils/helpers.ts",
    "statementMap": {
      "0": { "start": { "line": 6, "column": 13 }, "end": { "line": 6, "column": 18 } },
      "1": { "start": { "line": 2, "column": 13 }, "end": { "line": 2, "column": 26 } },
      "2": { "start": { "line": 2, "column": 29 }, "end": { "line": 4, "column": null } },
      "3": { "start": { "line": 3, "column": 2 }, "end": { "line": 3, "column": null } },
      "4": { "start": { "line": 6, "column": 21 }, "end": { "line": 8, "column": null } },
      "5": { "start": { "line": 7, "column": 2 }, "end": { "line": 7, "column": null } },
      "6": { "start": { "line": 7, "column": 34 }, "end": { "line": 7, "column": null } }
    },
    "fnMap": {
      "0": {
        "name": "(anonymous_3)",
        "decl": { "start": { "line": 2, "column": 29 }, "end": { "line": 2, "column": 30 } },
        "loc": { "start": { "line": 2, "column": 48 }, "end": { "line": 4, "column": null } }
      },
      "1": {
        "name": "(anonymous_4)",
        "decl": { "start": { "line": 6, "column": 21 }, "end": { "line": 6, "column": 22 } },
        "loc": { "start": { "line": 6, "column": 22 }, "end": { "line": 8, "column": null } }
      },
      "2": {
        "name": "(anonymous_5)",
        "decl": { "start": { "line": 7, "column": 21 }, "end": { "line": 7, "column": 22 } },
        "loc": { "start": { "line": 7, "column": 34 }, "end": { "line": 7, "column": null } }
      }
    },
    "branchMap": {},
    "s": { "0": 2, "1": 5, "2": 1, "3": 5, "4": 1, "5": 2, "6": 2 },
    "f": { "0": 5, "1": 2, "2": 2 },
    "b": {}
  },
  "/Users/afurm/Development/crypto-portfolio-tracker/src/utils/test-utils.tsx": {
    "path": "/Users/afurm/Development/crypto-portfolio-tracker/src/utils/test-utils.tsx",
    "statementMap": {
      "0": { "start": { "line": 29, "column": 9 }, "end": { "line": 29, "column": null } },
      "1": { "start": { "line": 1, "column": 18 }, "end": { "line": 1, "column": null } },
      "2": { "start": { "line": 2, "column": 36 }, "end": { "line": 2, "column": null } },
      "3": { "start": { "line": 3, "column": 49 }, "end": { "line": 3, "column": null } },
      "4": { "start": { "line": 6, "column": 24 }, "end": { "line": 12, "column": null } },
      "5": { "start": { "line": 22, "column": 4 }, "end": { "line": 22, "column": null } }
    },
    "fnMap": {
      "0": {
        "name": "render",
        "decl": { "start": { "line": 5, "column": 9 }, "end": { "line": 5, "column": 16 } },
        "loc": { "start": { "line": 5, "column": 65 }, "end": { "line": 23, "column": null } }
      },
      "1": {
        "name": "Wrapper",
        "decl": { "start": { "line": 14, "column": 13 }, "end": { "line": 14, "column": 21 } },
        "loc": { "start": { "line": 14, "column": 64 }, "end": { "line": 20, "column": null } }
      }
    },
    "branchMap": {
      "0": {
        "loc": { "start": { "line": 5, "column": 40 }, "end": { "line": 5, "column": 65 } },
        "type": "default-arg",
        "locations": [{ "start": { "line": 5, "column": 63 }, "end": { "line": 5, "column": 65 } }]
      }
    },
    "s": { "0": 1, "1": 1, "2": 1, "3": 1, "4": 1, "5": 1 },
    "f": { "0": 1, "1": 1 },
    "b": { "0": [1] }
  }
}
