TN:
SF:src/api/cryptoService.ts
FN:5,(anonymous_5)
FN:20,(anonymous_6)
FN:31,(anonymous_7)
FNF:3
FNH:3
FNDA:2,(anonymous_5)
FNDA:2,(anonymous_6)
FNDA:2,(anonymous_7)
DA:1,2
DA:3,2
DA:5,3
DA:6,2
DA:7,2
DA:13,1
DA:15,1
DA:16,1
DA:20,3
DA:21,2
DA:22,2
DA:23,1
DA:25,1
DA:26,1
DA:31,3
DA:32,2
DA:33,2
DA:42,1
DA:44,1
DA:45,1
LF:20
LH:20
BRF:0
BRH:0
end_of_record
TN:
SF:src/components/AddCryptoForm.tsx
FN:16,(anonymous_5)
FN:24,(anonymous_6)
FN:25,(anonymous_7)
FN:32,(anonymous_8)
FN:45,(anonymous_9)
FN:53,(anonymous_10)
FN:85,(anonymous_11)
FN:91,(anonymous_12)
FN:96,(anonymous_13)
FN:105,(anonymous_14)
FN:110,(anonymous_15)
FN:156,(anonymous_16)
FN:158,(anonymous_17)
FN:170,(anonymous_18)
FNF:14
FNH:14
FNDA:79,(anonymous_5)
FNDA:10,(anonymous_6)
FNDA:10,(anonymous_7)
FNDA:3,(anonymous_8)
FNDA:5,(anonymous_9)
FNDA:6,(anonymous_10)
FNDA:1,(anonymous_11)
FNDA:46,(anonymous_12)
FNDA:116,(anonymous_13)
FNDA:2,(anonymous_14)
FNDA:5,(anonymous_15)
FNDA:45,(anonymous_16)
FNDA:2,(anonymous_17)
FNDA:5,(anonymous_18)
DA:1,1
DA:2,1
DA:3,1
DA:4,1
DA:5,1
DA:7,1
DA:8,1
DA:16,1
DA:17,79
DA:18,79
DA:19,79
DA:20,79
DA:21,79
DA:22,79
DA:24,79
DA:25,10
DA:26,10
DA:27,10
DA:29,10
DA:32,79
DA:33,3
DA:34,3
DA:37,2
DA:39,1
DA:40,1
DA:45,79
DA:46,5
DA:47,1
DA:48,1
DA:51,4
DA:53,6
DA:54,4
DA:55,1
DA:56,1
DA:60,3
DA:61,3
DA:62,1
DA:63,1
DA:67,2
DA:68,2
DA:69,2
DA:71,2
DA:79,1
DA:81,1
DA:85,79
DA:86,1
DA:87,1
DA:91,79
DA:92,46
DA:93,46
DA:95,46
DA:96,46
DA:97,116
DA:99,46
DA:101,0
DA:105,79
DA:106,2
DA:107,2
DA:110,79
DA:111,5
DA:112,5
DA:113,5
DA:114,5
DA:115,5
DA:116,5
DA:157,45
DA:158,2
DA:170,5
DA:182,10
LF:69
LH:68
BRDA:37,0,0,2
BRDA:37,0,1,0
BRDA:46,1,0,1
BRDA:54,2,0,1
BRDA:61,3,0,1
BRDA:86,4,0,1
BRDA:95,5,0,46
BRDA:95,5,1,0
BRDA:112,6,0,5
BRDA:112,7,0,5
BRDA:112,7,1,5
BRDA:154,8,0,79
BRF:12
BRH:10
end_of_record
TN:
SF:src/components/InvestmentPerformance.tsx
FN:9,(anonymous_2)
FNF:1
FNH:1
FNDA:2,(anonymous_2)
DA:1,1
DA:2,1
DA:3,1
DA:9,1
DA:32,2
LF:5
LH:5
BRF:0
BRH:0
end_of_record
TN:
SF:src/components/Layout.tsx
FN:9,(anonymous_2)
FNF:1
FNH:1
FNDA:1,(anonymous_2)
DA:1,1
DA:2,1
DA:3,1
DA:9,1
DA:20,1
LF:5
LH:5
BRF:0
BRH:0
end_of_record
TN:
SF:src/components/MarketTrend.tsx
FN:10,(anonymous_2)
FNF:1
FNH:1
FNDA:1,(anonymous_2)
DA:1,1
DA:2,1
DA:3,1
DA:10,1
DA:32,1
LF:5
LH:5
BRF:0
BRH:0
end_of_record
TN:
SF:src/components/PortfolioAllocation.tsx
FN:9,(anonymous_2)
FNF:1
FNH:1
FNDA:1,(anonymous_2)
DA:1,1
DA:2,1
DA:3,1
DA:9,1
DA:31,1
LF:5
LH:5
BRF:0
BRH:0
end_of_record
TN:
SF:src/components/PortfolioChart.tsx
FN:11,(anonymous_4)
FN:14,(anonymous_5)
FN:15,(anonymous_6)
FN:31,(anonymous_7)
FN:37,(anonymous_8)
FN:41,(anonymous_9)
FN:49,(anonymous_10)
FN:52,(anonymous_11)
FNF:8
FNH:6
FNDA:3,(anonymous_4)
FNDA:1,(anonymous_5)
FNDA:1,(anonymous_6)
FNDA:6,(anonymous_7)
FNDA:6,(anonymous_8)
FNDA:0,(anonymous_9)
FNDA:0,(anonymous_10)
FNDA:3,(anonymous_11)
DA:1,1
DA:2,1
DA:3,1
DA:9,1
DA:11,1
DA:12,3
DA:14,3
DA:15,1
DA:31,6
DA:38,6
DA:41,0
DA:49,0
DA:53,3
DA:62,2
LF:14
LH:12
BRDA:15,0,0,1
BRDA:15,0,1,0
BRDA:22,1,0,2
BRDA:22,1,1,1
BRDA:26,2,0,2
BRF:5
BRH:4
end_of_record
TN:
SF:src/components/PortfolioSummary.tsx
FN:10,(anonymous_2)
FNF:1
FNH:1
FNDA:3,(anonymous_2)
DA:1,1
DA:2,1
DA:10,1
DA:32,3
LF:4
LH:4
BRDA:23,0,0,2
BRDA:23,0,1,1
BRF:2
BRH:2
end_of_record
TN:
SF:src/components/RecentTransactions.tsx
FN:23,(anonymous_2)
FN:37,(anonymous_3)
FNF:2
FNH:2
FNDA:2,(anonymous_2)
FNDA:3,(anonymous_3)
DA:1,1
DA:10,1
DA:23,1
DA:38,3
DA:55,2
LF:5
LH:5
BRDA:32,0,0,1
BRDA:41,1,0,2
BRDA:41,1,1,1
BRDA:45,2,0,3
BRDA:45,2,1,2
BRF:5
BRH:5
end_of_record
TN:
SF:src/components/Sidebar.tsx
FN:7,(anonymous_2)
FNF:1
FNH:1
FNDA:3,(anonymous_2)
DA:1,1
DA:2,1
DA:3,1
DA:4,1
DA:5,1
DA:7,1
DA:8,3
DA:56,2
LF:8
LH:8
BRDA:41,0,0,1
BRF:1
BRH:1
end_of_record
TN:
SF:src/components/TransactionHistory.tsx
FN:32,(anonymous_5)
FN:36,(anonymous_6)
FN:37,(anonymous_7)
FN:40,(anonymous_8)
FN:49,(anonymous_9)
FN:87,(anonymous_10)
FNF:6
FNH:5
FNDA:2,(anonymous_5)
FNDA:2,(anonymous_6)
FNDA:1,(anonymous_7)
FNDA:2,(anonymous_8)
FNDA:0,(anonymous_9)
FNDA:2,(anonymous_10)
DA:1,1
DA:2,1
DA:14,1
DA:32,1
DA:33,2
DA:34,2
DA:36,2
DA:37,2
DA:38,1
DA:40,2
DA:43,1
DA:48,0
DA:49,0
DA:50,0
DA:53,0
DA:55,0
DA:59,2
DA:60,1
DA:89,2
DA:91,2
DA:128,2
LF:21
LH:16
BRDA:59,0,0,1
BRDA:70,1,0,1
BRDA:95,2,0,1
BRDA:95,2,1,1
BRDA:99,3,0,1
BRDA:99,3,1,1
BRDA:108,4,0,1
BRDA:108,4,1,1
BRDA:114,5,0,0
BRDA:114,5,1,2
BRF:10
BRH:9
end_of_record
TN:
SF:src/context/AuthContext.tsx
FN:13,(anonymous_7)
FN:16,(anonymous_8)
FN:17,(anonymous_9)
FN:20,(anonymous_10)
FN:23,(anonymous_11)
FN:23,(anonymous_12)
FN:24,(anonymous_13)
FN:24,(anonymous_14)
FN:33,(anonymous_15)
FNF:9
FNH:1
FNDA:0,(anonymous_7)
FNDA:0,(anonymous_8)
FNDA:0,(anonymous_9)
FNDA:0,(anonymous_10)
FNDA:0,(anonymous_11)
FNDA:0,(anonymous_12)
FNDA:0,(anonymous_13)
FNDA:0,(anonymous_14)
FNDA:82,(anonymous_15)
DA:1,4
DA:2,4
DA:3,4
DA:11,34
DA:13,4
DA:14,0
DA:16,0
DA:17,0
DA:18,0
DA:20,0
DA:23,0
DA:24,0
DA:33,82
DA:34,82
DA:35,81
DA:36,0
DA:38,81
LF:17
LH:9
BRDA:35,0,0,0
BRF:1
BRH:0
end_of_record
TN:
SF:src/hooks/useAuth.ts
FN:4,(anonymous_1)
FNF:1
FNH:1
FNDA:16,(anonymous_1)
DA:1,2
DA:2,2
DA:4,16
DA:5,16
DA:6,16
DA:7,4
DA:9,12
LF:7
LH:7
BRDA:6,0,0,4
BRF:1
BRH:1
end_of_record
TN:
SF:src/hooks/usePortfolio.ts
FN:12,(anonymous_2)
FN:18,(anonymous_3)
FN:26,(anonymous_4)
FN:35,(anonymous_5)
FN:38,(anonymous_6)
FN:44,(anonymous_7)
FNF:6
FNH:6
FNDA:11,(anonymous_2)
FNDA:5,(anonymous_3)
FNDA:5,(anonymous_4)
FNDA:5,(anonymous_5)
FNDA:3,(anonymous_6)
FNDA:2,(anonymous_7)
DA:1,1
DA:2,1
DA:3,1
DA:4,1
DA:5,1
DA:12,11
DA:13,11
DA:14,11
DA:15,11
DA:16,11
DA:18,11
DA:19,5
DA:20,0
DA:21,0
DA:22,0
DA:25,5
DA:26,5
DA:27,5
DA:28,4
DA:30,1
DA:32,5
DA:35,5
DA:38,11
DA:39,3
DA:40,2
DA:41,2
DA:44,2
DA:46,1
DA:50,11
LF:29
LH:26
BRDA:19,0,0,0
BRDA:27,1,0,4
BRDA:27,1,1,1
BRDA:28,2,0,4
BRDA:28,2,1,0
BRDA:39,3,0,1
BRF:6
BRH:4
end_of_record
TN:
SF:src/lib/firebaseConfig.ts
FNF:0
FNH:0
DA:2,3
DA:3,3
DA:4,3
DA:11,3
DA:23,3
DA:24,3
DA:25,3
DA:26,3
LF:8
LH:8
BRF:0
BRH:0
end_of_record
TN:
SF:src/lib/firebaseUtils.ts
FN:4,(anonymous_1)
FN:11,(anonymous_2)
FNF:2
FNH:0
FNDA:0,(anonymous_1)
FNDA:0,(anonymous_2)
DA:1,0
DA:2,0
DA:4,0
DA:5,0
DA:6,0
DA:7,0
DA:8,0
DA:9,0
DA:11,0
DA:16,0
DA:17,0
DA:20,0
DA:21,0
LF:13
LH:0
BRDA:8,0,0,0
BRDA:8,0,1,0
BRF:2
BRH:0
end_of_record
TN:
SF:src/pages/_app.tsx
FN:11,MyApp
FNF:1
FNH:0
FNDA:0,MyApp
DA:2,0
DA:4,0
DA:5,0
DA:6,0
DA:8,0
DA:23,0
LF:6
LH:0
BRF:0
BRH:0
end_of_record
TN:
SF:src/pages/add-transaction.tsx
FN:6,(anonymous_2)
FNF:1
FNH:0
FNDA:0,(anonymous_2)
DA:1,0
DA:4,0
DA:6,0
DA:17,0
LF:4
LH:0
BRF:0
BRH:0
end_of_record
TN:
SF:src/pages/dashboard.tsx
FN:5,(anonymous_2)
FNF:1
FNH:0
FNDA:0,(anonymous_2)
DA:2,0
DA:3,0
DA:5,0
DA:17,0
LF:4
LH:0
BRF:0
BRH:0
end_of_record
TN:
SF:src/pages/index.tsx
FN:6,(anonymous_2)
FNF:1
FNH:0
FNDA:0,(anonymous_2)
DA:3,0
DA:6,0
DA:16,0
LF:3
LH:0
BRF:0
BRH:0
end_of_record
TN:
SF:src/pages/login.tsx
FN:3,(anonymous_1)
FNF:1
FNH:0
FNDA:0,(anonymous_1)
DA:3,0
DA:12,0
LF:2
LH:0
BRF:0
BRH:0
end_of_record
TN:
SF:src/pages/transaction-history.tsx
FN:7,(anonymous_5)
FN:12,(anonymous_6)
FN:13,(anonymous_7)
FNF:3
FNH:0
FNDA:0,(anonymous_5)
FNDA:0,(anonymous_6)
FNDA:0,(anonymous_7)
DA:1,0
DA:2,0
DA:3,0
DA:5,0
DA:7,0
DA:9,0
DA:10,0
DA:12,0
DA:13,0
DA:14,0
DA:15,0
DA:16,0
DA:20,0
DA:33,0
LF:14
LH:0
BRDA:14,0,0,0
BRF:1
BRH:0
end_of_record
TN:
SF:src/utils/constants.ts
FNF:0
FNH:0
DA:1,1
DA:14,6
LF:2
LH:2
BRF:0
BRH:0
end_of_record
TN:
SF:src/utils/formatCurrency.ts
FN:5,(anonymous_1)
FNF:1
FNH:1
FNDA:6,(anonymous_1)
DA:3,1
DA:5,6
DA:6,6
DA:7,6
LF:4
LH:4
BRDA:5,0,0,3
BRDA:6,1,0,6
BRDA:6,1,1,1
BRF:3
BRH:3
end_of_record
TN:
SF:src/utils/helpers.ts
FN:2,(anonymous_3)
FN:6,(anonymous_4)
FN:7,(anonymous_5)
FNF:3
FNH:3
FNDA:5,(anonymous_3)
FNDA:2,(anonymous_4)
FNDA:2,(anonymous_5)
DA:2,5
DA:3,5
DA:6,2
DA:7,2
LF:4
LH:4
BRF:0
BRH:0
end_of_record
TN:
SF:src/utils/test-utils.tsx
FN:5,render
FN:14,Wrapper
FNF:2
FNH:2
FNDA:1,render
FNDA:1,Wrapper
DA:1,1
DA:2,1
DA:3,1
DA:6,1
DA:22,1
DA:29,1
LF:6
LH:6
BRDA:5,0,0,1
BRF:1
BRH:1
end_of_record
